Starting extraction, transformation, and loading from open-meteo.com... 
...weather data extracted from 2024-04-12 00:00:00 to 2024-04-12 23:00:00 
.....(OK) row 2024-04-12 00:00:00 is loaded in data warehouse
.....(OK) row 2024-04-12 01:00:00 is loaded in data warehouse
.....(OK) row 2024-04-12 02:00:00 is loaded in data warehouse
.....(OK) row 2024-04-12 03:00:00 is loaded in data warehouse
.....(OK) row 2024-04-12 04:00:00 is loaded in data warehouse
.....(OK) row 2024-04-12 05:00:00 is loaded in data warehouse
.....(OK) row 2024-04-12 06:00:00 is loaded in data warehouse
.....(OK) row 2024-04-12 07:00:00 is loaded in data warehouse
.....(OK) row 2024-04-12 08:00:00 is loaded in data warehouse
.....(OK) row 2024-04-12 09:00:00 is loaded in data warehouse
.....(OK) row 2024-04-12 10:00:00 is loaded in data warehouse
.....(OK) row 2024-04-12 11:00:00 is loaded in data warehouse
.....(OK) row 2024-04-12 12:00:00 is loaded in data warehouse
.....(OK) row 2024-04-12 13:00:00 is loaded in data warehouse
.....(OK) row 2024-04-12 14:00:00 is loaded in data warehouse
.....(OK) row 2024-04-12 15:00:00 is loaded in data warehouse
.....(OK) row 2024-04-12 16:00:00 is loaded in data warehouse
.....(OK) row 2024-04-12 17:00:00 is loaded in data warehouse
.....(OK) row 2024-04-12 18:00:00 is loaded in data warehouse
.....(OK) row 2024-04-12 19:00:00 is loaded in data warehouse
.....(OK) row 2024-04-12 20:00:00 is loaded in data warehouse
.....(OK) row 2024-04-12 21:00:00 is loaded in data warehouse
.....(OK) row 2024-04-12 22:00:00 is loaded in data warehouse
.....(OK) row 2024-04-12 23:00:00 is loaded in data warehouse
...data have been loaded to CockroachDB
...alerts for bad weather not found
Closing extraction, transformation, and loading from open-meteo.com...
