Starting extraction, transformation, and loading from open-meteo.com... 
...weather data extracted from 2024-04-29 00:00:00 to 2024-04-29 23:00:00 
.....(OK) row 2024-04-29 00:00:00 is loaded in data warehouse
.....(OK) row 2024-04-29 01:00:00 is loaded in data warehouse
.....(OK) row 2024-04-29 02:00:00 is loaded in data warehouse
.....(OK) row 2024-04-29 03:00:00 is loaded in data warehouse
.....(OK) row 2024-04-29 04:00:00 is loaded in data warehouse
.....(OK) row 2024-04-29 05:00:00 is loaded in data warehouse
.....(OK) row 2024-04-29 06:00:00 is loaded in data warehouse
.....(OK) row 2024-04-29 07:00:00 is loaded in data warehouse
.....(OK) row 2024-04-29 08:00:00 is loaded in data warehouse
.....(OK) row 2024-04-29 09:00:00 is loaded in data warehouse
.....(OK) row 2024-04-29 10:00:00 is loaded in data warehouse
.....(OK) row 2024-04-29 11:00:00 is loaded in data warehouse
.....(OK) row 2024-04-29 12:00:00 is loaded in data warehouse
.....(OK) row 2024-04-29 13:00:00 is loaded in data warehouse
.....(OK) row 2024-04-29 14:00:00 is loaded in data warehouse
.....(OK) row 2024-04-29 15:00:00 is loaded in data warehouse
.....(OK) row 2024-04-29 16:00:00 is loaded in data warehouse
.....(OK) row 2024-04-29 17:00:00 is loaded in data warehouse
.....(OK) row 2024-04-29 18:00:00 is loaded in data warehouse
.....(OK) row 2024-04-29 19:00:00 is loaded in data warehouse
.....(OK) row 2024-04-29 20:00:00 is loaded in data warehouse
.....(OK) row 2024-04-29 21:00:00 is loaded in data warehouse
.....(OK) row 2024-04-29 22:00:00 is loaded in data warehouse
.....(OK) row 2024-04-29 23:00:00 is loaded in data warehouse
...data have been loaded to CockroachDB
...alerts for bad weather not found
Closing extraction, transformation, and loading from open-meteo.com...
