Starting extraction, transformation, and loading from open-meteo.com... 
...weather data extracted from 2024-04-06 00:00:00 to 2024-04-06 23:00:00 
.....(OK) row 2024-04-06 00:00:00 is loaded in data warehouse
.....(OK) row 2024-04-06 01:00:00 is loaded in data warehouse
.....(OK) row 2024-04-06 02:00:00 is loaded in data warehouse
.....(OK) row 2024-04-06 03:00:00 is loaded in data warehouse
.....(OK) row 2024-04-06 04:00:00 is loaded in data warehouse
.....(OK) row 2024-04-06 05:00:00 is loaded in data warehouse
.....(OK) row 2024-04-06 06:00:00 is loaded in data warehouse
.....(OK) row 2024-04-06 07:00:00 is loaded in data warehouse
.....(OK) row 2024-04-06 08:00:00 is loaded in data warehouse
.....(OK) row 2024-04-06 09:00:00 is loaded in data warehouse
.....(OK) row 2024-04-06 10:00:00 is loaded in data warehouse
.....(OK) row 2024-04-06 11:00:00 is loaded in data warehouse
.....(OK) row 2024-04-06 12:00:00 is loaded in data warehouse
.....(OK) row 2024-04-06 13:00:00 is loaded in data warehouse
.....(OK) row 2024-04-06 14:00:00 is loaded in data warehouse
.....(OK) row 2024-04-06 15:00:00 is loaded in data warehouse
.....(OK) row 2024-04-06 16:00:00 is loaded in data warehouse
.....(OK) row 2024-04-06 17:00:00 is loaded in data warehouse
.....(OK) row 2024-04-06 18:00:00 is loaded in data warehouse
.....(OK) row 2024-04-06 19:00:00 is loaded in data warehouse
.....(OK) row 2024-04-06 20:00:00 is loaded in data warehouse
.....(OK) row 2024-04-06 21:00:00 is loaded in data warehouse
.....(OK) row 2024-04-06 22:00:00 is loaded in data warehouse
.....(OK) row 2024-04-06 23:00:00 is loaded in data warehouse
...data have been loaded to CockroachDB
...alerts for bad weather not found
Closing extraction, transformation, and loading from open-meteo.com...
