Starting extraction, transformation, and loading from open-meteo.com... 
...weather data extracted from 2024-04-07 00:00:00 to 2024-04-07 23:00:00 
.....(OK) row 2024-04-07 00:00:00 is loaded in data warehouse
.....(OK) row 2024-04-07 01:00:00 is loaded in data warehouse
.....(OK) row 2024-04-07 02:00:00 is loaded in data warehouse
.....(OK) row 2024-04-07 03:00:00 is loaded in data warehouse
.....(OK) row 2024-04-07 04:00:00 is loaded in data warehouse
.....(OK) row 2024-04-07 05:00:00 is loaded in data warehouse
.....(OK) row 2024-04-07 06:00:00 is loaded in data warehouse
.....(OK) row 2024-04-07 07:00:00 is loaded in data warehouse
.....(OK) row 2024-04-07 08:00:00 is loaded in data warehouse
.....(OK) row 2024-04-07 09:00:00 is loaded in data warehouse
.....(OK) row 2024-04-07 10:00:00 is loaded in data warehouse
.....(OK) row 2024-04-07 11:00:00 is loaded in data warehouse
.....(OK) row 2024-04-07 12:00:00 is loaded in data warehouse
.....(OK) row 2024-04-07 13:00:00 is loaded in data warehouse
.....(OK) row 2024-04-07 14:00:00 is loaded in data warehouse
.....(OK) row 2024-04-07 15:00:00 is loaded in data warehouse
.....(OK) row 2024-04-07 16:00:00 is loaded in data warehouse
.....(OK) row 2024-04-07 17:00:00 is loaded in data warehouse
.....(OK) row 2024-04-07 18:00:00 is loaded in data warehouse
.....(OK) row 2024-04-07 19:00:00 is loaded in data warehouse
.....(OK) row 2024-04-07 20:00:00 is loaded in data warehouse
.....(OK) row 2024-04-07 21:00:00 is loaded in data warehouse
.....(OK) row 2024-04-07 22:00:00 is loaded in data warehouse
.....(OK) row 2024-04-07 23:00:00 is loaded in data warehouse
...data have been loaded to CockroachDB
...alerts for bad weather not found
Closing extraction, transformation, and loading from open-meteo.com...
