Starting extraction, transformation, and loading from open-meteo.com... 
...weather data extracted from 2024-04-24 00:00:00 to 2024-04-24 23:00:00 
.....(OK) row 2024-04-24 00:00:00 is loaded in data warehouse
.....(OK) row 2024-04-24 01:00:00 is loaded in data warehouse
.....(OK) row 2024-04-24 02:00:00 is loaded in data warehouse
.....(OK) row 2024-04-24 03:00:00 is loaded in data warehouse
.....(OK) row 2024-04-24 04:00:00 is loaded in data warehouse
.....(OK) row 2024-04-24 05:00:00 is loaded in data warehouse
.....(OK) row 2024-04-24 06:00:00 is loaded in data warehouse
.....(OK) row 2024-04-24 07:00:00 is loaded in data warehouse
.....(OK) row 2024-04-24 08:00:00 is loaded in data warehouse
.....(OK) row 2024-04-24 09:00:00 is loaded in data warehouse
.....(OK) row 2024-04-24 10:00:00 is loaded in data warehouse
.....(OK) row 2024-04-24 11:00:00 is loaded in data warehouse
.....(OK) row 2024-04-24 12:00:00 is loaded in data warehouse
.....(OK) row 2024-04-24 13:00:00 is loaded in data warehouse
.....(OK) row 2024-04-24 14:00:00 is loaded in data warehouse
.....(OK) row 2024-04-24 15:00:00 is loaded in data warehouse
.....(OK) row 2024-04-24 16:00:00 is loaded in data warehouse
.....(OK) row 2024-04-24 17:00:00 is loaded in data warehouse
.....(OK) row 2024-04-24 18:00:00 is loaded in data warehouse
.....(OK) row 2024-04-24 19:00:00 is loaded in data warehouse
.....(OK) row 2024-04-24 20:00:00 is loaded in data warehouse
.....(OK) row 2024-04-24 21:00:00 is loaded in data warehouse
.....(OK) row 2024-04-24 22:00:00 is loaded in data warehouse
.....(OK) row 2024-04-24 23:00:00 is loaded in data warehouse
...data have been loaded to CockroachDB
...alerts for bad weather not found
Closing extraction, transformation, and loading from open-meteo.com...
