Starting extraction, transformation, and loading from open-meteo.com... 
...weather data extracted from 2024-04-11 00:00:00 to 2024-04-11 23:00:00 
.....(OK) row 2024-04-11 00:00:00 is loaded in data warehouse
.....(OK) row 2024-04-11 01:00:00 is loaded in data warehouse
.....(OK) row 2024-04-11 02:00:00 is loaded in data warehouse
.....(OK) row 2024-04-11 03:00:00 is loaded in data warehouse
.....(OK) row 2024-04-11 04:00:00 is loaded in data warehouse
.....(OK) row 2024-04-11 05:00:00 is loaded in data warehouse
.....(OK) row 2024-04-11 06:00:00 is loaded in data warehouse
.....(OK) row 2024-04-11 07:00:00 is loaded in data warehouse
.....(OK) row 2024-04-11 08:00:00 is loaded in data warehouse
.....(OK) row 2024-04-11 09:00:00 is loaded in data warehouse
.....(OK) row 2024-04-11 10:00:00 is loaded in data warehouse
.....(OK) row 2024-04-11 11:00:00 is loaded in data warehouse
.....(OK) row 2024-04-11 12:00:00 is loaded in data warehouse
.....(OK) row 2024-04-11 13:00:00 is loaded in data warehouse
.....(OK) row 2024-04-11 14:00:00 is loaded in data warehouse
.....(OK) row 2024-04-11 15:00:00 is loaded in data warehouse
.....(OK) row 2024-04-11 16:00:00 is loaded in data warehouse
.....(OK) row 2024-04-11 17:00:00 is loaded in data warehouse
.....(OK) row 2024-04-11 18:00:00 is loaded in data warehouse
.....(OK) row 2024-04-11 19:00:00 is loaded in data warehouse
.....(OK) row 2024-04-11 20:00:00 is loaded in data warehouse
.....(OK) row 2024-04-11 21:00:00 is loaded in data warehouse
.....(OK) row 2024-04-11 22:00:00 is loaded in data warehouse
.....(OK) row 2024-04-11 23:00:00 is loaded in data warehouse
...data have been loaded to CockroachDB
...alerts for bad weather not found
Closing extraction, transformation, and loading from open-meteo.com...
