Starting extraction, transformation, and loading from open-meteo.com... 
...weather data extracted from 2024-04-25 00:00:00 to 2024-04-25 23:00:00 
.....(OK) row 2024-04-25 00:00:00 is loaded in data warehouse
.....(OK) row 2024-04-25 01:00:00 is loaded in data warehouse
.....(OK) row 2024-04-25 02:00:00 is loaded in data warehouse
.....(OK) row 2024-04-25 03:00:00 is loaded in data warehouse
.....(OK) row 2024-04-25 04:00:00 is loaded in data warehouse
.....(OK) row 2024-04-25 05:00:00 is loaded in data warehouse
.....(OK) row 2024-04-25 06:00:00 is loaded in data warehouse
.....(OK) row 2024-04-25 07:00:00 is loaded in data warehouse
.....(OK) row 2024-04-25 08:00:00 is loaded in data warehouse
.....(OK) row 2024-04-25 09:00:00 is loaded in data warehouse
.....(OK) row 2024-04-25 10:00:00 is loaded in data warehouse
.....(OK) row 2024-04-25 11:00:00 is loaded in data warehouse
.....(OK) row 2024-04-25 12:00:00 is loaded in data warehouse
.....(OK) row 2024-04-25 13:00:00 is loaded in data warehouse
.....(OK) row 2024-04-25 14:00:00 is loaded in data warehouse
.....(OK) row 2024-04-25 15:00:00 is loaded in data warehouse
.....(OK) row 2024-04-25 16:00:00 is loaded in data warehouse
.....(OK) row 2024-04-25 17:00:00 is loaded in data warehouse
.....(OK) row 2024-04-25 18:00:00 is loaded in data warehouse
.....(OK) row 2024-04-25 19:00:00 is loaded in data warehouse
.....(OK) row 2024-04-25 20:00:00 is loaded in data warehouse
.....(OK) row 2024-04-25 21:00:00 is loaded in data warehouse
.....(OK) row 2024-04-25 22:00:00 is loaded in data warehouse
.....(OK) row 2024-04-25 23:00:00 is loaded in data warehouse
...data have been loaded to CockroachDB
...alerts for bad weather not found
Closing extraction, transformation, and loading from open-meteo.com...
