Starting extraction, transformation, and loading from open-meteo.com... 
...weather data extracted from 2024-04-22 00:00:00 to 2024-04-22 23:00:00 
.....(OK) row 2024-04-22 00:00:00 is loaded in data warehouse
.....(OK) row 2024-04-22 01:00:00 is loaded in data warehouse
.....(OK) row 2024-04-22 02:00:00 is loaded in data warehouse
.....(OK) row 2024-04-22 03:00:00 is loaded in data warehouse
.....(OK) row 2024-04-22 04:00:00 is loaded in data warehouse
.....(OK) row 2024-04-22 05:00:00 is loaded in data warehouse
.....(OK) row 2024-04-22 06:00:00 is loaded in data warehouse
.....(OK) row 2024-04-22 07:00:00 is loaded in data warehouse
.....(OK) row 2024-04-22 08:00:00 is loaded in data warehouse
.....(OK) row 2024-04-22 09:00:00 is loaded in data warehouse
.....(OK) row 2024-04-22 10:00:00 is loaded in data warehouse
.....(OK) row 2024-04-22 11:00:00 is loaded in data warehouse
.....(OK) row 2024-04-22 12:00:00 is loaded in data warehouse
.....(OK) row 2024-04-22 13:00:00 is loaded in data warehouse
.....(OK) row 2024-04-22 14:00:00 is loaded in data warehouse
.....(OK) row 2024-04-22 15:00:00 is loaded in data warehouse
.....(OK) row 2024-04-22 16:00:00 is loaded in data warehouse
.....(OK) row 2024-04-22 17:00:00 is loaded in data warehouse
.....(OK) row 2024-04-22 18:00:00 is loaded in data warehouse
.....(OK) row 2024-04-22 19:00:00 is loaded in data warehouse
.....(OK) row 2024-04-22 20:00:00 is loaded in data warehouse
.....(OK) row 2024-04-22 21:00:00 is loaded in data warehouse
.....(OK) row 2024-04-22 22:00:00 is loaded in data warehouse
.....(OK) row 2024-04-22 23:00:00 is loaded in data warehouse
...data have been loaded to CockroachDB
...alerts for bad weather not found
Closing extraction, transformation, and loading from open-meteo.com...
