Starting extraction, transformation, and loading from open-meteo.com... 
...weather data extracted from 2024-04-09 00:00:00 to 2024-04-09 23:00:00 
.....(OK) row 2024-04-09 00:00:00 is loaded in data warehouse
.....(OK) row 2024-04-09 01:00:00 is loaded in data warehouse
.....(OK) row 2024-04-09 02:00:00 is loaded in data warehouse
.....(OK) row 2024-04-09 03:00:00 is loaded in data warehouse
.....(OK) row 2024-04-09 04:00:00 is loaded in data warehouse
.....(OK) row 2024-04-09 05:00:00 is loaded in data warehouse
.....(OK) row 2024-04-09 06:00:00 is loaded in data warehouse
.....(OK) row 2024-04-09 07:00:00 is loaded in data warehouse
.....(OK) row 2024-04-09 08:00:00 is loaded in data warehouse
.....(OK) row 2024-04-09 09:00:00 is loaded in data warehouse
.....(OK) row 2024-04-09 10:00:00 is loaded in data warehouse
.....(OK) row 2024-04-09 11:00:00 is loaded in data warehouse
.....(OK) row 2024-04-09 12:00:00 is loaded in data warehouse
.....(OK) row 2024-04-09 13:00:00 is loaded in data warehouse
.....(OK) row 2024-04-09 14:00:00 is loaded in data warehouse
.....(OK) row 2024-04-09 15:00:00 is loaded in data warehouse
.....(OK) row 2024-04-09 16:00:00 is loaded in data warehouse
.....(OK) row 2024-04-09 17:00:00 is loaded in data warehouse
.....(OK) row 2024-04-09 18:00:00 is loaded in data warehouse
.....(OK) row 2024-04-09 19:00:00 is loaded in data warehouse
.....(OK) row 2024-04-09 20:00:00 is loaded in data warehouse
.....(OK) row 2024-04-09 21:00:00 is loaded in data warehouse
.....(OK) row 2024-04-09 22:00:00 is loaded in data warehouse
.....(OK) row 2024-04-09 23:00:00 is loaded in data warehouse
...data have been loaded to CockroachDB
...alerts for bad weather not found
Closing extraction, transformation, and loading from open-meteo.com...
