Starting extraction, transformation, and loading from open-meteo.com... 
...weather data extracted from 2024-07-09 00:00:00 to 2024-07-09 23:00:00 
.....(WARNING) row 2024-07-09 00:00:00 is already exists in data warehouse
.....(WARNING) row 2024-07-09 01:00:00 is already exists in data warehouse
.....(WARNING) row 2024-07-09 02:00:00 is already exists in data warehouse
.....(WARNING) row 2024-07-09 03:00:00 is already exists in data warehouse
.....(WARNING) row 2024-07-09 04:00:00 is already exists in data warehouse
.....(WARNING) row 2024-07-09 05:00:00 is already exists in data warehouse
.....(WARNING) row 2024-07-09 06:00:00 is already exists in data warehouse
.....(WARNING) row 2024-07-09 07:00:00 is already exists in data warehouse
.....(WARNING) row 2024-07-09 08:00:00 is already exists in data warehouse
.....(WARNING) row 2024-07-09 09:00:00 is already exists in data warehouse
.....(WARNING) row 2024-07-09 10:00:00 is already exists in data warehouse
.....(WARNING) row 2024-07-09 11:00:00 is already exists in data warehouse
.....(WARNING) row 2024-07-09 12:00:00 is already exists in data warehouse
.....(WARNING) row 2024-07-09 13:00:00 is already exists in data warehouse
.....(WARNING) row 2024-07-09 14:00:00 is already exists in data warehouse
.....(WARNING) row 2024-07-09 15:00:00 is already exists in data warehouse
.....(WARNING) row 2024-07-09 16:00:00 is already exists in data warehouse
.....(WARNING) row 2024-07-09 17:00:00 is already exists in data warehouse
.....(WARNING) row 2024-07-09 18:00:00 is already exists in data warehouse
.....(WARNING) row 2024-07-09 19:00:00 is already exists in data warehouse
.....(OK) row 2024-07-09 20:00:00 is loaded in data warehouse
.....(STOP) row 2024-07-09 21:00:00 is greater than actual date/time
...data have been loaded to CockroachDB
...alerts for bad weather not found
Closing extraction, transformation, and loading from open-meteo.com...
