Starting extraction, transformation, and loading from open-meteo.com... 
...weather data extracted from 2024-04-19 00:00:00 to 2024-04-19 23:00:00 
.....(OK) row 2024-04-19 00:00:00 is loaded in data warehouse
.....(OK) row 2024-04-19 01:00:00 is loaded in data warehouse
.....(OK) row 2024-04-19 02:00:00 is loaded in data warehouse
.....(OK) row 2024-04-19 03:00:00 is loaded in data warehouse
.....(OK) row 2024-04-19 04:00:00 is loaded in data warehouse
.....(OK) row 2024-04-19 05:00:00 is loaded in data warehouse
.....(OK) row 2024-04-19 06:00:00 is loaded in data warehouse
.....(OK) row 2024-04-19 07:00:00 is loaded in data warehouse
.....(OK) row 2024-04-19 08:00:00 is loaded in data warehouse
.....(OK) row 2024-04-19 09:00:00 is loaded in data warehouse
.....(OK) row 2024-04-19 10:00:00 is loaded in data warehouse
.....(OK) row 2024-04-19 11:00:00 is loaded in data warehouse
.....(OK) row 2024-04-19 12:00:00 is loaded in data warehouse
.....(OK) row 2024-04-19 13:00:00 is loaded in data warehouse
.....(OK) row 2024-04-19 14:00:00 is loaded in data warehouse
.....(OK) row 2024-04-19 15:00:00 is loaded in data warehouse
.....(OK) row 2024-04-19 16:00:00 is loaded in data warehouse
.....(OK) row 2024-04-19 17:00:00 is loaded in data warehouse
.....(OK) row 2024-04-19 18:00:00 is loaded in data warehouse
.....(OK) row 2024-04-19 19:00:00 is loaded in data warehouse
.....(OK) row 2024-04-19 20:00:00 is loaded in data warehouse
.....(OK) row 2024-04-19 21:00:00 is loaded in data warehouse
.....(OK) row 2024-04-19 22:00:00 is loaded in data warehouse
.....(OK) row 2024-04-19 23:00:00 is loaded in data warehouse
...data have been loaded to CockroachDB
...alerts for bad weather not found
Closing extraction, transformation, and loading from open-meteo.com...
