Starting extraction, transformation, and loading from open-meteo.com... 
...weather data extracted from 2024-04-15 00:00:00 to 2024-04-15 23:00:00 
.....(OK) row 2024-04-15 00:00:00 is loaded in data warehouse
.....(OK) row 2024-04-15 01:00:00 is loaded in data warehouse
.....(OK) row 2024-04-15 02:00:00 is loaded in data warehouse
.....(OK) row 2024-04-15 03:00:00 is loaded in data warehouse
.....(OK) row 2024-04-15 04:00:00 is loaded in data warehouse
.....(OK) row 2024-04-15 05:00:00 is loaded in data warehouse
.....(OK) row 2024-04-15 06:00:00 is loaded in data warehouse
.....(OK) row 2024-04-15 07:00:00 is loaded in data warehouse
.....(OK) row 2024-04-15 08:00:00 is loaded in data warehouse
.....(OK) row 2024-04-15 09:00:00 is loaded in data warehouse
.....(OK) row 2024-04-15 10:00:00 is loaded in data warehouse
.....(OK) row 2024-04-15 11:00:00 is loaded in data warehouse
.....(OK) row 2024-04-15 12:00:00 is loaded in data warehouse
.....(OK) row 2024-04-15 13:00:00 is loaded in data warehouse
.....(OK) row 2024-04-15 14:00:00 is loaded in data warehouse
.....(OK) row 2024-04-15 15:00:00 is loaded in data warehouse
.....(OK) row 2024-04-15 16:00:00 is loaded in data warehouse
.....(OK) row 2024-04-15 17:00:00 is loaded in data warehouse
.....(OK) row 2024-04-15 18:00:00 is loaded in data warehouse
.....(OK) row 2024-04-15 19:00:00 is loaded in data warehouse
.....(OK) row 2024-04-15 20:00:00 is loaded in data warehouse
.....(OK) row 2024-04-15 21:00:00 is loaded in data warehouse
.....(OK) row 2024-04-15 22:00:00 is loaded in data warehouse
.....(OK) row 2024-04-15 23:00:00 is loaded in data warehouse
...data have been loaded to CockroachDB
...alerts for bad weather not found
Closing extraction, transformation, and loading from open-meteo.com...
