Starting extraction, transformation, and loading from open-meteo.com... 
...weather data extracted from 2024-04-20 00:00:00 to 2024-04-20 23:00:00 
.....(OK) row 2024-04-20 00:00:00 is loaded in data warehouse
.....(OK) row 2024-04-20 01:00:00 is loaded in data warehouse
.....(OK) row 2024-04-20 02:00:00 is loaded in data warehouse
.....(OK) row 2024-04-20 03:00:00 is loaded in data warehouse
.....(OK) row 2024-04-20 04:00:00 is loaded in data warehouse
.....(OK) row 2024-04-20 05:00:00 is loaded in data warehouse
.....(OK) row 2024-04-20 06:00:00 is loaded in data warehouse
.....(OK) row 2024-04-20 07:00:00 is loaded in data warehouse
.....(OK) row 2024-04-20 08:00:00 is loaded in data warehouse
.....(OK) row 2024-04-20 09:00:00 is loaded in data warehouse
.....(OK) row 2024-04-20 10:00:00 is loaded in data warehouse
.....(OK) row 2024-04-20 11:00:00 is loaded in data warehouse
.....(OK) row 2024-04-20 12:00:00 is loaded in data warehouse
.....(OK) row 2024-04-20 13:00:00 is loaded in data warehouse
.....(OK) row 2024-04-20 14:00:00 is loaded in data warehouse
.....(OK) row 2024-04-20 15:00:00 is loaded in data warehouse
.....(OK) row 2024-04-20 16:00:00 is loaded in data warehouse
.....(OK) row 2024-04-20 17:00:00 is loaded in data warehouse
.....(OK) row 2024-04-20 18:00:00 is loaded in data warehouse
.....(OK) row 2024-04-20 19:00:00 is loaded in data warehouse
.....(OK) row 2024-04-20 20:00:00 is loaded in data warehouse
.....(OK) row 2024-04-20 21:00:00 is loaded in data warehouse
.....(OK) row 2024-04-20 22:00:00 is loaded in data warehouse
.....(OK) row 2024-04-20 23:00:00 is loaded in data warehouse
...data have been loaded to CockroachDB
...alerts for bad weather not found
Closing extraction, transformation, and loading from open-meteo.com...
