Starting extraction, transformation, and loading from open-meteo.com... 
...weather data extracted from 2024-07-01 00:00:00 to 2024-07-01 23:00:00 
.....(OK) row 2024-07-01 00:00:00 is loaded in data warehouse
.....(OK) row 2024-07-01 01:00:00 is loaded in data warehouse
.....(OK) row 2024-07-01 02:00:00 is loaded in data warehouse
.....(OK) row 2024-07-01 03:00:00 is loaded in data warehouse
.....(OK) row 2024-07-01 04:00:00 is loaded in data warehouse
.....(OK) row 2024-07-01 05:00:00 is loaded in data warehouse
.....(OK) row 2024-07-01 06:00:00 is loaded in data warehouse
.....(OK) row 2024-07-01 07:00:00 is loaded in data warehouse
.....(OK) row 2024-07-01 08:00:00 is loaded in data warehouse
.....(OK) row 2024-07-01 09:00:00 is loaded in data warehouse
.....(OK) row 2024-07-01 10:00:00 is loaded in data warehouse
.....(OK) row 2024-07-01 11:00:00 is loaded in data warehouse
.....(OK) row 2024-07-01 12:00:00 is loaded in data warehouse
.....(OK) row 2024-07-01 13:00:00 is loaded in data warehouse
.....(OK) row 2024-07-01 14:00:00 is loaded in data warehouse
.....(OK) row 2024-07-01 15:00:00 is loaded in data warehouse
.....(OK) row 2024-07-01 16:00:00 is loaded in data warehouse
.....(OK) row 2024-07-01 17:00:00 is loaded in data warehouse
.....(OK) row 2024-07-01 18:00:00 is loaded in data warehouse
.....(OK) row 2024-07-01 19:00:00 is loaded in data warehouse
.....(OK) row 2024-07-01 20:00:00 is loaded in data warehouse
.....(OK) row 2024-07-01 21:00:00 is loaded in data warehouse
.....(OK) row 2024-07-01 22:00:00 is loaded in data warehouse
.....(OK) row 2024-07-01 23:00:00 is loaded in data warehouse
...data have been loaded to CockroachDB
...alerts for bad weather not found
Closing extraction, transformation, and loading from open-meteo.com...
