Starting extraction, transformation, and loading from open-meteo.com... 
...weather data extracted from 2024-07-08 00:00:00 to 2024-07-08 23:00:00 
.....(OK) row 2024-07-08 00:00:00 is loaded in data warehouse
.....(OK) row 2024-07-08 01:00:00 is loaded in data warehouse
.....(OK) row 2024-07-08 02:00:00 is loaded in data warehouse
.....(OK) row 2024-07-08 03:00:00 is loaded in data warehouse
.....(OK) row 2024-07-08 04:00:00 is loaded in data warehouse
.....(OK) row 2024-07-08 05:00:00 is loaded in data warehouse
.....(OK) row 2024-07-08 06:00:00 is loaded in data warehouse
.....(OK) row 2024-07-08 07:00:00 is loaded in data warehouse
.....(OK) row 2024-07-08 08:00:00 is loaded in data warehouse
.....(OK) row 2024-07-08 09:00:00 is loaded in data warehouse
.....(OK) row 2024-07-08 10:00:00 is loaded in data warehouse
.....(OK) row 2024-07-08 11:00:00 is loaded in data warehouse
.....(OK) row 2024-07-08 12:00:00 is loaded in data warehouse
.....(OK) row 2024-07-08 13:00:00 is loaded in data warehouse
.....(OK) row 2024-07-08 14:00:00 is loaded in data warehouse
.....(OK) row 2024-07-08 15:00:00 is loaded in data warehouse
.....(OK) row 2024-07-08 16:00:00 is loaded in data warehouse
.....(OK) row 2024-07-08 17:00:00 is loaded in data warehouse
.....(OK) row 2024-07-08 18:00:00 is loaded in data warehouse
.....(OK) row 2024-07-08 19:00:00 is loaded in data warehouse
.....(OK) row 2024-07-08 20:00:00 is loaded in data warehouse
.....(OK) row 2024-07-08 21:00:00 is loaded in data warehouse
.....(OK) row 2024-07-08 22:00:00 is loaded in data warehouse
.....(OK) row 2024-07-08 23:00:00 is loaded in data warehouse
...data have been loaded to CockroachDB
...alerts for bad weather not found
Closing extraction, transformation, and loading from open-meteo.com...
