Starting extraction, transformation, and loading from open-meteo.com... 
...weather data extracted from 2024-04-21 00:00:00 to 2024-04-21 23:00:00 
.....(OK) row 2024-04-21 00:00:00 is loaded in data warehouse
.....(OK) row 2024-04-21 01:00:00 is loaded in data warehouse
.....(OK) row 2024-04-21 02:00:00 is loaded in data warehouse
.....(OK) row 2024-04-21 03:00:00 is loaded in data warehouse
.....(OK) row 2024-04-21 04:00:00 is loaded in data warehouse
.....(OK) row 2024-04-21 05:00:00 is loaded in data warehouse
.....(OK) row 2024-04-21 06:00:00 is loaded in data warehouse
.....(OK) row 2024-04-21 07:00:00 is loaded in data warehouse
.....(OK) row 2024-04-21 08:00:00 is loaded in data warehouse
.....(OK) row 2024-04-21 09:00:00 is loaded in data warehouse
.....(OK) row 2024-04-21 10:00:00 is loaded in data warehouse
.....(OK) row 2024-04-21 11:00:00 is loaded in data warehouse
.....(OK) row 2024-04-21 12:00:00 is loaded in data warehouse
.....(OK) row 2024-04-21 13:00:00 is loaded in data warehouse
.....(OK) row 2024-04-21 14:00:00 is loaded in data warehouse
.....(OK) row 2024-04-21 15:00:00 is loaded in data warehouse
.....(OK) row 2024-04-21 16:00:00 is loaded in data warehouse
.....(OK) row 2024-04-21 17:00:00 is loaded in data warehouse
.....(OK) row 2024-04-21 18:00:00 is loaded in data warehouse
.....(OK) row 2024-04-21 19:00:00 is loaded in data warehouse
.....(OK) row 2024-04-21 20:00:00 is loaded in data warehouse
.....(OK) row 2024-04-21 21:00:00 is loaded in data warehouse
.....(OK) row 2024-04-21 22:00:00 is loaded in data warehouse
.....(OK) row 2024-04-21 23:00:00 is loaded in data warehouse
...data have been loaded to CockroachDB
...alerts for bad weather not found
Closing extraction, transformation, and loading from open-meteo.com...
