Starting extraction, transformation, and loading from open-meteo.com... 
...weather data extracted from 2024-04-26 00:00:00 to 2024-04-26 23:00:00 
.....(OK) row 2024-04-26 00:00:00 is loaded in data warehouse
.....(OK) row 2024-04-26 01:00:00 is loaded in data warehouse
.....(OK) row 2024-04-26 02:00:00 is loaded in data warehouse
.....(OK) row 2024-04-26 03:00:00 is loaded in data warehouse
.....(OK) row 2024-04-26 04:00:00 is loaded in data warehouse
.....(OK) row 2024-04-26 05:00:00 is loaded in data warehouse
.....(OK) row 2024-04-26 06:00:00 is loaded in data warehouse
.....(OK) row 2024-04-26 07:00:00 is loaded in data warehouse
.....(OK) row 2024-04-26 08:00:00 is loaded in data warehouse
.....(OK) row 2024-04-26 09:00:00 is loaded in data warehouse
.....(OK) row 2024-04-26 10:00:00 is loaded in data warehouse
.....(OK) row 2024-04-26 11:00:00 is loaded in data warehouse
.....(OK) row 2024-04-26 12:00:00 is loaded in data warehouse
.....(OK) row 2024-04-26 13:00:00 is loaded in data warehouse
.....(OK) row 2024-04-26 14:00:00 is loaded in data warehouse
.....(OK) row 2024-04-26 15:00:00 is loaded in data warehouse
.....(OK) row 2024-04-26 16:00:00 is loaded in data warehouse
.....(OK) row 2024-04-26 17:00:00 is loaded in data warehouse
.....(OK) row 2024-04-26 18:00:00 is loaded in data warehouse
.....(OK) row 2024-04-26 19:00:00 is loaded in data warehouse
.....(OK) row 2024-04-26 20:00:00 is loaded in data warehouse
.....(OK) row 2024-04-26 21:00:00 is loaded in data warehouse
.....(OK) row 2024-04-26 22:00:00 is loaded in data warehouse
.....(OK) row 2024-04-26 23:00:00 is loaded in data warehouse
...data have been loaded to CockroachDB
...alerts for bad weather not found
Closing extraction, transformation, and loading from open-meteo.com...
