Starting extraction, transformation, and loading from open-meteo.com... 
...weather data extracted from 2024-04-17 00:00:00 to 2024-04-17 23:00:00 
.....(OK) row 2024-04-17 00:00:00 is loaded in data warehouse
.....(OK) row 2024-04-17 01:00:00 is loaded in data warehouse
.....(OK) row 2024-04-17 02:00:00 is loaded in data warehouse
.....(OK) row 2024-04-17 03:00:00 is loaded in data warehouse
.....(OK) row 2024-04-17 04:00:00 is loaded in data warehouse
.....(OK) row 2024-04-17 05:00:00 is loaded in data warehouse
.....(OK) row 2024-04-17 06:00:00 is loaded in data warehouse
.....(OK) row 2024-04-17 07:00:00 is loaded in data warehouse
.....(OK) row 2024-04-17 08:00:00 is loaded in data warehouse
.....(OK) row 2024-04-17 09:00:00 is loaded in data warehouse
.....(OK) row 2024-04-17 10:00:00 is loaded in data warehouse
.....(OK) row 2024-04-17 11:00:00 is loaded in data warehouse
.....(OK) row 2024-04-17 12:00:00 is loaded in data warehouse
.....(OK) row 2024-04-17 13:00:00 is loaded in data warehouse
.....(OK) row 2024-04-17 14:00:00 is loaded in data warehouse
.....(OK) row 2024-04-17 15:00:00 is loaded in data warehouse
.....(OK) row 2024-04-17 16:00:00 is loaded in data warehouse
.....(OK) row 2024-04-17 17:00:00 is loaded in data warehouse
.....(OK) row 2024-04-17 18:00:00 is loaded in data warehouse
.....(OK) row 2024-04-17 19:00:00 is loaded in data warehouse
.....(OK) row 2024-04-17 20:00:00 is loaded in data warehouse
.....(OK) row 2024-04-17 21:00:00 is loaded in data warehouse
.....(OK) row 2024-04-17 22:00:00 is loaded in data warehouse
.....(OK) row 2024-04-17 23:00:00 is loaded in data warehouse
...data have been loaded to CockroachDB
...alerts for bad weather not found
Closing extraction, transformation, and loading from open-meteo.com...
