Starting extraction, transformation, and loading from open-meteo.com... 
...weather data extracted from 2024-04-16 00:00:00 to 2024-04-16 23:00:00 
.....(OK) row 2024-04-16 00:00:00 is loaded in data warehouse
.....(OK) row 2024-04-16 01:00:00 is loaded in data warehouse
.....(OK) row 2024-04-16 02:00:00 is loaded in data warehouse
.....(OK) row 2024-04-16 03:00:00 is loaded in data warehouse
.....(OK) row 2024-04-16 04:00:00 is loaded in data warehouse
.....(OK) row 2024-04-16 05:00:00 is loaded in data warehouse
.....(OK) row 2024-04-16 06:00:00 is loaded in data warehouse
.....(OK) row 2024-04-16 07:00:00 is loaded in data warehouse
.....(OK) row 2024-04-16 08:00:00 is loaded in data warehouse
.....(OK) row 2024-04-16 09:00:00 is loaded in data warehouse
.....(OK) row 2024-04-16 10:00:00 is loaded in data warehouse
.....(OK) row 2024-04-16 11:00:00 is loaded in data warehouse
.....(OK) row 2024-04-16 12:00:00 is loaded in data warehouse
.....(OK) row 2024-04-16 13:00:00 is loaded in data warehouse
.....(OK) row 2024-04-16 14:00:00 is loaded in data warehouse
.....(OK) row 2024-04-16 15:00:00 is loaded in data warehouse
.....(OK) row 2024-04-16 16:00:00 is loaded in data warehouse
.....(OK) row 2024-04-16 17:00:00 is loaded in data warehouse
.....(OK) row 2024-04-16 18:00:00 is loaded in data warehouse
.....(OK) row 2024-04-16 19:00:00 is loaded in data warehouse
.....(OK) row 2024-04-16 20:00:00 is loaded in data warehouse
.....(OK) row 2024-04-16 21:00:00 is loaded in data warehouse
.....(OK) row 2024-04-16 22:00:00 is loaded in data warehouse
.....(OK) row 2024-04-16 23:00:00 is loaded in data warehouse
...data have been loaded to CockroachDB
...alerts for bad weather not found
Closing extraction, transformation, and loading from open-meteo.com...
