Starting extraction, transformation, and loading from open-meteo.com... 
...weather data extracted from 2024-07-03 00:00:00 to 2024-07-03 23:00:00 
.....(OK) row 2024-07-03 00:00:00 is loaded in data warehouse
.....(OK) row 2024-07-03 01:00:00 is loaded in data warehouse
.....(OK) row 2024-07-03 02:00:00 is loaded in data warehouse
.....(OK) row 2024-07-03 03:00:00 is loaded in data warehouse
.....(OK) row 2024-07-03 04:00:00 is loaded in data warehouse
.....(OK) row 2024-07-03 05:00:00 is loaded in data warehouse
.....(OK) row 2024-07-03 06:00:00 is loaded in data warehouse
.....(OK) row 2024-07-03 07:00:00 is loaded in data warehouse
.....(OK) row 2024-07-03 08:00:00 is loaded in data warehouse
.....(OK) row 2024-07-03 09:00:00 is loaded in data warehouse
.....(OK) row 2024-07-03 10:00:00 is loaded in data warehouse
.....(OK) row 2024-07-03 11:00:00 is loaded in data warehouse
.....(OK) row 2024-07-03 12:00:00 is loaded in data warehouse
.....(OK) row 2024-07-03 13:00:00 is loaded in data warehouse
.....(OK) row 2024-07-03 14:00:00 is loaded in data warehouse
.....(OK) row 2024-07-03 15:00:00 is loaded in data warehouse
.....(OK) row 2024-07-03 16:00:00 is loaded in data warehouse
.....(OK) row 2024-07-03 17:00:00 is loaded in data warehouse
.....(OK) row 2024-07-03 18:00:00 is loaded in data warehouse
.....(OK) row 2024-07-03 19:00:00 is loaded in data warehouse
.....(OK) row 2024-07-03 20:00:00 is loaded in data warehouse
.....(OK) row 2024-07-03 21:00:00 is loaded in data warehouse
.....(OK) row 2024-07-03 22:00:00 is loaded in data warehouse
.....(OK) row 2024-07-03 23:00:00 is loaded in data warehouse
...data have been loaded to CockroachDB
...alerts for bad weather not found
Closing extraction, transformation, and loading from open-meteo.com...
